{"total": {"lines":{"total":690,"covered":322,"skipped":0,"pct":46.66},"statements":{"total":706,"covered":331,"skipped":0,"pct":46.88},"functions":{"total":196,"covered":99,"skipped":0,"pct":50.51},"branches":{"total":589,"covered":216,"skipped":0,"pct":36.67},"branchesTrue":{"total":0,"covered":0,"skipped":0,"pct":100}}
,"/home/tristan/projets/constraint_management/src/core/model/assignmentModes.js": {"lines":{"total":2,"covered":1,"skipped":0,"pct":50},"functions":{"total":1,"covered":0,"skipped":0,"pct":0},"statements":{"total":2,"covered":1,"skipped":0,"pct":50},"branches":{"total":0,"covered":0,"skipped":0,"pct":100}}
,"/home/tristan/projets/constraint_management/src/core/model/constraints.js": {"lines":{"total":4,"covered":2,"skipped":0,"pct":50},"functions":{"total":3,"covered":1,"skipped":0,"pct":33.33},"statements":{"total":4,"covered":2,"skipped":0,"pct":50},"branches":{"total":6,"covered":1,"skipped":0,"pct":16.66}}
,"/home/tristan/projets/constraint_management/src/core/model/ids.js": {"lines":{"total":2,"covered":0,"skipped":0,"pct":0},"functions":{"total":2,"covered":0,"skipped":0,"pct":0},"statements":{"total":2,"covered":0,"skipped":0,"pct":0},"branches":{"total":3,"covered":0,"skipped":0,"pct":0}}
,"/home/tristan/projets/constraint_management/src/core/model/nodes.js": {"lines":{"total":8,"covered":5,"skipped":0,"pct":62.5},"functions":{"total":7,"covered":4,"skipped":0,"pct":57.14},"statements":{"total":8,"covered":5,"skipped":0,"pct":62.5},"branches":{"total":13,"covered":6,"skipped":0,"pct":46.15}}
,"/home/tristan/projets/constraint_management/src/core/model/preferences.js": {"lines":{"total":4,"covered":2,"skipped":0,"pct":50},"functions":{"total":3,"covered":1,"skipped":0,"pct":33.33},"statements":{"total":4,"covered":2,"skipped":0,"pct":50},"branches":{"total":9,"covered":2,"skipped":0,"pct":22.22}}
,"/home/tristan/projets/constraint_management/src/core/model/project.js": {"lines":{"total":5,"covered":3,"skipped":0,"pct":60},"functions":{"total":3,"covered":1,"skipped":0,"pct":33.33},"statements":{"total":5,"covered":3,"skipped":0,"pct":60},"branches":{"total":14,"covered":1,"skipped":0,"pct":7.14}}
,"/home/tristan/projets/constraint_management/src/core/model/relations.js": {"lines":{"total":8,"covered":5,"skipped":0,"pct":62.5},"functions":{"total":7,"covered":4,"skipped":0,"pct":57.14},"statements":{"total":8,"covered":5,"skipped":0,"pct":62.5},"branches":{"total":12,"covered":3,"skipped":0,"pct":25}}
,"/home/tristan/projets/constraint_management/src/core/model/solution.js": {"lines":{"total":4,"covered":2,"skipped":0,"pct":50},"functions":{"total":4,"covered":2,"skipped":0,"pct":50},"statements":{"total":4,"covered":2,"skipped":0,"pct":50},"branches":{"total":20,"covered":8,"skipped":0,"pct":40}}
,"/home/tristan/projets/constraint_management/src/core/normalize/buildTopology.js": {"lines":{"total":8,"covered":8,"skipped":0,"pct":100},"functions":{"total":3,"covered":3,"skipped":0,"pct":100},"statements":{"total":8,"covered":8,"skipped":0,"pct":100},"branches":{"total":2,"covered":2,"skipped":0,"pct":100}}
,"/home/tristan/projets/constraint_management/src/core/normalize/computeMustShareComponents.js": {"lines":{"total":27,"covered":27,"skipped":0,"pct":100},"functions":{"total":5,"covered":5,"skipped":0,"pct":100},"statements":{"total":27,"covered":27,"skipped":0,"pct":100},"branches":{"total":10,"covered":9,"skipped":0,"pct":90}}
,"/home/tristan/projets/constraint_management/src/core/normalize/expandGroupRelations.js": {"lines":{"total":49,"covered":33,"skipped":0,"pct":67.34},"functions":{"total":19,"covered":13,"skipped":0,"pct":68.42},"statements":{"total":50,"covered":33,"skipped":0,"pct":66},"branches":{"total":20,"covered":10,"skipped":0,"pct":50}}
,"/home/tristan/projets/constraint_management/src/core/normalize/normalizeProject.js": {"lines":{"total":16,"covered":16,"skipped":0,"pct":100},"functions":{"total":6,"covered":6,"skipped":0,"pct":100},"statements":{"total":16,"covered":16,"skipped":0,"pct":100},"branches":{"total":2,"covered":2,"skipped":0,"pct":100}}
,"/home/tristan/projets/constraint_management/src/core/transform/domainMappings.js": {"lines":{"total":83,"covered":0,"skipped":0,"pct":0},"functions":{"total":26,"covered":0,"skipped":0,"pct":0},"statements":{"total":86,"covered":0,"skipped":0,"pct":0},"branches":{"total":90,"covered":0,"skipped":0,"pct":0}}
,"/home/tristan/projets/constraint_management/src/core/transform/viewModelAdapters.js": {"lines":{"total":2,"covered":0,"skipped":0,"pct":0},"functions":{"total":2,"covered":0,"skipped":0,"pct":0},"statements":{"total":2,"covered":0,"skipped":0,"pct":0},"branches":{"total":0,"covered":0,"skipped":0,"pct":100}}
,"/home/tristan/projets/constraint_management/src/core/validate/validateCapabilities.js": {"lines":{"total":20,"covered":0,"skipped":0,"pct":0},"functions":{"total":5,"covered":0,"skipped":0,"pct":0},"statements":{"total":20,"covered":0,"skipped":0,"pct":0},"branches":{"total":16,"covered":0,"skipped":0,"pct":0}}
,"/home/tristan/projets/constraint_management/src/core/validate/validateConstraints.js": {"lines":{"total":94,"covered":0,"skipped":0,"pct":0},"functions":{"total":18,"covered":0,"skipped":0,"pct":0},"statements":{"total":96,"covered":0,"skipped":0,"pct":0},"branches":{"total":71,"covered":0,"skipped":0,"pct":0}}
,"/home/tristan/projets/constraint_management/src/core/validate/validateProject.js": {"lines":{"total":4,"covered":0,"skipped":0,"pct":0},"functions":{"total":1,"covered":0,"skipped":0,"pct":0},"statements":{"total":4,"covered":0,"skipped":0,"pct":0},"branches":{"total":4,"covered":0,"skipped":0,"pct":0}}
,"/home/tristan/projets/constraint_management/src/core/validate/validateStructure.js": {"lines":{"total":126,"covered":0,"skipped":0,"pct":0},"functions":{"total":22,"covered":0,"skipped":0,"pct":0},"statements":{"total":127,"covered":0,"skipped":0,"pct":0},"branches":{"total":94,"covered":0,"skipped":0,"pct":0}}
,"/home/tristan/projets/constraint_management/src/solver/solverAdapter.js": {"lines":{"total":3,"covered":3,"skipped":0,"pct":100},"functions":{"total":3,"covered":3,"skipped":0,"pct":100},"statements":{"total":3,"covered":3,"skipped":0,"pct":100},"branches":{"total":0,"covered":0,"skipped":0,"pct":100}}
,"/home/tristan/projets/constraint_management/src/solver/solverCapabilities.js": {"lines":{"total":1,"covered":1,"skipped":0,"pct":100},"functions":{"total":1,"covered":1,"skipped":0,"pct":100},"statements":{"total":1,"covered":1,"skipped":0,"pct":100},"branches":{"total":0,"covered":0,"skipped":0,"pct":100}}
,"/home/tristan/projets/constraint_management/src/solver/solverResult.js": {"lines":{"total":1,"covered":1,"skipped":0,"pct":100},"functions":{"total":1,"covered":1,"skipped":0,"pct":100},"statements":{"total":1,"covered":1,"skipped":0,"pct":100},"branches":{"total":8,"covered":8,"skipped":0,"pct":100}}
,"/home/tristan/projets/constraint_management/src/solver/adapters/firstSolverAdapter.js": {"lines":{"total":219,"covered":213,"skipped":0,"pct":97.26},"functions":{"total":54,"covered":54,"skipped":0,"pct":100},"statements":{"total":228,"covered":222,"skipped":0,"pct":97.36},"branches":{"total":195,"covered":164,"skipped":0,"pct":84.1}}
}
